
> kemet-ui@3.0.1 storybook:build
> storybook build --output-dir /tmp/chromatic--3202359-nDw4NsmkQkp2

@storybook/cli v7.6.12

info => Cleaning outputDir: /tmp/chromatic--3202359-nDw4NsmkQkp2
info => Loading presets
info Found existing addon {"name":"@storybook/addon-docs","options":{"mdxPluginOptions":{"mdxCompileOptions":{"remarkPlugins":[null]}}}}, skipping.
info Found existing addon {"name":"@storybook/addon-docs","options":{"mdxPluginOptions":{"mdxCompileOptions":{"remarkPlugins":[null]}}}}, skipping.
info => Building manager..
info => Manager built (175 ms)
info => Building preview..
info => Copying static files: /FileDrive/Spaces/Workspaces/kemet/kemet-ui/node_modules/@storybook/manager/static at /tmp/chromatic--3202359-nDw4NsmkQkp2/sb-common-assets
[36mvite v4.5.2 [32mbuilding for production...[36m[39m
transforming...
WARN You (or an addon) are using the 'config' preset field. This has been replaced by 'previewAnnotations' and will be removed in 8.0
[32m✓[39m 1996 modules transformed.
rendering chunks...
computing gzip size...
[2m../../../../../tmp/chromatic--3202359-nDw4NsmkQkp2/[22m[32miframe.html                                    [39m[1m[2m 13.51 kB[22m[1m[22m[2m │ gzip:   3.81 kB[22m
[2m../../../../../tmp/chromatic--3202359-nDw4NsmkQkp2/[22m[2massets/[22m[35mintro.stories-787180b4.css              [39m[1m[2m  0.27 kB[22m[1m[22m[2m │ gzip:   0.21 kB[22m
[2m../../../../../tmp/chromatic--3202359-nDw4NsmkQkp2/[22m[2massets/[22m[35mDocumentation-e71388ef.css              [39m[1m[2m  0.45 kB[22m[1m[22m[2m │ gzip:   0.29 kB[22m
[2m../../../../../tmp/chromatic--3202359-nDw4NsmkQkp2/[22m[2massets/[22m[35mpreview-c53e062f.css                    [39m[1m[2m170.08 kB[22m[1m[22m[2m │ gzip:  18.43 kB[22m
[2m../../../../../tmp/chromatic--3202359-nDw4NsmkQkp2/[22m[2massets/[22m[36mif-defined-9bf367a6.js                  [39m[1m[2m  0.17 kB[22m[1m[22m[2m │ gzip:   0.17 kB[22m
[2m../../../../../tmp/chromatic--3202359-nDw4NsmkQkp2/[22m[2massets/[22m[36mtiny-invariant-dd7d57d2.js              [39m[1m[2m  0.18 kB[22m[1m[22m[2m │ gzip:   0.15 kB[22m
[2m../../../../../tmp/chromatic--3202359-nDw4NsmkQkp2/[22m[2massets/[22m[36mentry-preview-7d483639.js               [39m[1m[2m  0.25 kB[22m[1m[22m[2m │ gzip:   0.20 kB[22m
[2m../../../../../tmp/chromatic--3202359-nDw4NsmkQkp2/[22m[2massets/[22m[36mdirective-helpers-eddfea7e.js           [39m[1m[2m  0.30 kB[22m[1m[22m[2m │ gzip:   0.24 kB[22m
[2m../../../../../tmp/chromatic--3202359-nDw4NsmkQkp2/[22m[2massets/[22m[36mDocsRenderer-NNNQARDV-d9b028ce.js       [39m[1m[2m  0.35 kB[22m[1m[22m[2m │ gzip:   0.24 kB[22m
[2m../../../../../tmp/chromatic--3202359-nDw4NsmkQkp2/[22m[2massets/[22m[36mstories-2f79360d.js                     [39m[1m[2m  0.36 kB[22m[1m[22m[2m │ gzip:   0.29 kB[22m
[2m../../../../../tmp/chromatic--3202359-nDw4NsmkQkp2/[22m[2massets/[22m[36mWithTooltip-V3YHNWJZ-4b2e7e8b.js        [39m[1m[2m  0.37 kB[22m[1m[22m[2m │ gzip:   0.24 kB[22m
[2m../../../../../tmp/chromatic--3202359-nDw4NsmkQkp2/[22m[2massets/[22m[36msyntaxhighlighter-V7JZZA35-26fac70a.js  [39m[1m[2m  0.39 kB[22m[1m[22m[2m │ gzip:   0.26 kB[22m
[2m../../../../../tmp/chromatic--3202359-nDw4NsmkQkp2/[22m[2massets/[22m[36mdirective-12249aa5.js                   [39m[1m[2m  0.42 kB[22m[1m[22m[2m │ gzip:   0.31 kB[22m
[2m../../../../../tmp/chromatic--3202359-nDw4NsmkQkp2/[22m[2massets/[22m[36mindex-b94fa3a1.js                       [39m[1m[2m  0.43 kB[22m[1m[22m[2m │ gzip:   0.27 kB[22m
[2m../../../../../tmp/chromatic--3202359-nDw4NsmkQkp2/[22m[2massets/[22m[36mpreview-cf6b196e.js                     [39m[1m[2m  0.48 kB[22m[1m[22m[2m │ gzip:   0.32 kB[22m
[2m../../../../../tmp/chromatic--3202359-nDw4NsmkQkp2/[22m[2massets/[22m[36mindex-97dca3c2.js                       [39m[1m[2m  0.50 kB[22m[1m[22m[2m │ gzip:   0.32 kB[22m
[2m../../../../../tmp/chromatic--3202359-nDw4NsmkQkp2/[22m[2massets/[22m[36mutilities-9f38fb1f.js                   [39m[1m[2m  0.51 kB[22m[1m[22m[2m │ gzip:   0.32 kB[22m
[2m../../../../../tmp/chromatic--3202359-nDw4NsmkQkp2/[22m[2massets/[22m[36mstories-b73d58f1.js                     [39m[1m[2m  0.53 kB[22m[1m[22m[2m │ gzip:   0.37 kB[22m
[2m../../../../../tmp/chromatic--3202359-nDw4NsmkQkp2/[22m[2massets/[22m[36mstories-0d75324f.js                     [39m[1m[2m  0.61 kB[22m[1m[22m[2m │ gzip:   0.39 kB[22m
[2m../../../../../tmp/chromatic--3202359-nDw4NsmkQkp2/[22m[2massets/[22m[36mstories-1745180e.js                     [39m[1m[2m  0.61 kB[22m[1m[22m[2m │ gzip:   0.41 kB[22m
[2m../../../../../tmp/chromatic--3202359-nDw4NsmkQkp2/[22m[2massets/[22m[36mpreview-73104b77.js                     [39m[1m[2m  0.64 kB[22m[1m[22m[2m │ gzip:   0.44 kB[22m
[2m../../../../../tmp/chromatic--3202359-nDw4NsmkQkp2/[22m[2massets/[22m[36m_commonjsHelpers-de833af9.js            [39m[1m[2m  0.69 kB[22m[1m[22m[2m │ gzip:   0.38 kB[22m
[2m../../../../../tmp/chromatic--3202359-nDw4NsmkQkp2/[22m[2massets/[22m[36munsafe-html-1fd8360f.js                 [39m[1m[2m  0.75 kB[22m[1m[22m[2m │ gzip:   0.45 kB[22m
[2m../../../../../tmp/chromatic--3202359-nDw4NsmkQkp2/[22m[2massets/[22m[36mindex-356e4a49.js                       [39m[1m[2m  0.77 kB[22m[1m[22m[2m │ gzip:   0.47 kB[22m
[2m../../../../../tmp/chromatic--3202359-nDw4NsmkQkp2/[22m[2massets/[22m[36mstories-cc09c849.js                     [39m[1m[2m  0.79 kB[22m[1m[22m[2m │ gzip:   0.44 kB[22m
[2m../../../../../tmp/chromatic--3202359-nDw4NsmkQkp2/[22m[2massets/[22m[36mlive-627d5df5.js                        [39m[1m[2m  0.84 kB[22m[1m[22m[2m │ gzip:   0.50 kB[22m
[2m../../../../../tmp/chromatic--3202359-nDw4NsmkQkp2/[22m[2massets/[22m[36mpreview-c8f038ec.js                     [39m[1m[2m  0.85 kB[22m[1m[22m[2m │ gzip:   0.55 kB[22m
[2m../../../../../tmp/chromatic--3202359-nDw4NsmkQkp2/[22m[2massets/[22m[36mpreview-0ef86afd.js                     [39m[1m[2m  0.86 kB[22m[1m[22m[2m │ gzip:   0.55 kB[22m
[2m../../../../../tmp/chromatic--3202359-nDw4NsmkQkp2/[22m[2massets/[22m[36mstories-1d30d683.js                     [39m[1m[2m  0.87 kB[22m[1m[22m[2m │ gzip:   0.52 kB[22m
[2m../../../../../tmp/chromatic--3202359-nDw4NsmkQkp2/[22m[2massets/[22m[36mDocumentation-68a511b6.js               [39m[1m[2m  0.92 kB[22m[1m[22m[2m │ gzip:   0.51 kB[22m
[2m../../../../../tmp/chromatic--3202359-nDw4NsmkQkp2/[22m[2massets/[22m[36mjsx-runtime-af2e5e21.js                 [39m[1m[2m  0.93 kB[22m[1m[22m[2m │ gzip:   0.59 kB[22m
[2m../../../../../tmp/chromatic--3202359-nDw4NsmkQkp2/[22m[2massets/[22m[36mDocumentation-d62cd276.js               [39m[1m[2m  0.94 kB[22m[1m[22m[2m │ gzip:   0.51 kB[22m
[2m../../../../../tmp/chromatic--3202359-nDw4NsmkQkp2/[22m[2massets/[22m[36mstories-c7e1c941.js                     [39m[1m[2m  1.02 kB[22m[1m[22m[2m │ gzip:   0.46 kB[22m
[2m../../../../../tmp/chromatic--3202359-nDw4NsmkQkp2/[22m[2massets/[22m[36mpreview-162851e1.js                     [39m[1m[2m  1.04 kB[22m[1m[22m[2m │ gzip:   0.67 kB[22m
[2m../../../../../tmp/chromatic--3202359-nDw4NsmkQkp2/[22m[2massets/[22m[36mDocumentation-99575cfb.js               [39m[1m[2m  1.04 kB[22m[1m[22m[2m │ gzip:   0.56 kB[22m
[2m../../../../../tmp/chromatic--3202359-nDw4NsmkQkp2/[22m[2massets/[22m[36mstories-dcd03fc8.js                     [39m[1m[2m  1.08 kB[22m[1m[22m[2m │ gzip:   0.56 kB[22m
[2m../../../../../tmp/chromatic--3202359-nDw4NsmkQkp2/[22m[2massets/[22m[36mchunk-HJCNT6QR-0daa366e.js              [39m[1m[2m  1.10 kB[22m[1m[22m[2m │ gzip:   0.65 kB[22m
[2m../../../../../tmp/chromatic--3202359-nDw4NsmkQkp2/[22m[2massets/[22m[36mstories-8c931dd5.js                     [39m[1m[2m  1.10 kB[22m[1m[22m[2m │ gzip:   0.63 kB[22m
[2m../../../../../tmp/chromatic--3202359-nDw4NsmkQkp2/[22m[2massets/[22m[36mDocumentation-4ac91171.js               [39m[1m[2m  1.11 kB[22m[1m[22m[2m │ gzip:   0.58 kB[22m
[2m../../../../../tmp/chromatic--3202359-nDw4NsmkQkp2/[22m[2massets/[22m[36mstories-19d4bfec.js                     [39m[1m[2m  1.12 kB[22m[1m[22m[2m │ gzip:   0.54 kB[22m
[2m../../../../../tmp/chromatic--3202359-nDw4NsmkQkp2/[22m[2massets/[22m[36mstories-0675808f.js                     [39m[1m[2m  1.14 kB[22m[1m[22m[2m │ gzip:   0.64 kB[22m
[2m../../../../../tmp/chromatic--3202359-nDw4NsmkQkp2/[22m[2massets/[22m[36mstories-6108ee9b.js                     [39m[1m[2m  1.15 kB[22m[1m[22m[2m │ gzip:   0.60 kB[22m
[2m../../../../../tmp/chromatic--3202359-nDw4NsmkQkp2/[22m[2massets/[22m[36mchunk-FJPRWHXQ-79e65a2e.js              [39m[1m[2m  1.16 kB[22m[1m[22m[2m │ gzip:   0.73 kB[22m
[2m../../../../../tmp/chromatic--3202359-nDw4NsmkQkp2/[22m[2massets/[22m[36mDocumentation-00e04f42.js               [39m[1m[2m  1.18 kB[22m[1m[22m[2m │ gzip:   0.58 kB[22m
[2m../../../../../tmp/chromatic--3202359-nDw4NsmkQkp2/[22m[2massets/[22m[36mstories-a3a25e12.js                     [39m[1m[2m  1.24 kB[22m[1m[22m[2m │ gzip:   0.51 kB[22m
[2m../../../../../tmp/chromatic--3202359-nDw4NsmkQkp2/[22m[2massets/[22m[36mDocumentation-88d5e90f.js               [39m[1m[2m  1.26 kB[22m[1m[22m[2m │ gzip:   0.63 kB[22m
[2m../../../../../tmp/chromatic--3202359-nDw4NsmkQkp2/[22m[2massets/[22m[36mstories-5b10c39a.js                     [39m[1m[2m  1.38 kB[22m[1m[22m[2m │ gzip:   0.45 kB[22m
[2m../../../../../tmp/chromatic--3202359-nDw4NsmkQkp2/[22m[2massets/[22m[36mevents-124451a3.js                      [39m[1m[2m  1.38 kB[22m[1m[22m[2m │ gzip:   0.70 kB[22m
[2m../../../../../tmp/chromatic--3202359-nDw4NsmkQkp2/[22m[2massets/[22m[36mDocumentation-d7bf1e11.js               [39m[1m[2m  1.43 kB[22m[1m[22m[2m │ gzip:   0.70 kB[22m
[2m../../../../../tmp/chromatic--3202359-nDw4NsmkQkp2/[22m[2massets/[22m[36mDocumentation-b5000030.js               [39m[1m[2m  1.43 kB[22m[1m[22m[2m │ gzip:   0.66 kB[22m
[2m../../../../../tmp/chromatic--3202359-nDw4NsmkQkp2/[22m[2massets/[22m[36mDocumentation-bc3c48c6.js               [39m[1m[2m  1.48 kB[22m[1m[22m[2m │ gzip:   0.71 kB[22m
[2m../../../../../tmp/chromatic--3202359-nDw4NsmkQkp2/[22m[2massets/[22m[36mDocumentation-673e166e.js               [39m[1m[2m  1.54 kB[22m[1m[22m[2m │ gzip:   0.69 kB[22m
[2m../../../../../tmp/chromatic--3202359-nDw4NsmkQkp2/[22m[2massets/[22m[36mstories-57a42302.js                     [39m[1m[2m  1.66 kB[22m[1m[22m[2m │ gzip:   0.63 kB[22m
[2m../../../../../tmp/chromatic--3202359-nDw4NsmkQkp2/[22m[2massets/[22m[36mDocumentation-96da99b1.js               [39m[1m[2m  1.69 kB[22m[1m[22m[2m │ gzip:   0.70 kB[22m
[2m../../../../../tmp/chromatic--3202359-nDw4NsmkQkp2/[22m[2massets/[22m[36mkemet-badge-b2f7158a.js                 [39m[1m[2m  1.78 kB[22m[1m[22m[2m │ gzip:   0.74 kB[22m
[2m../../../../../tmp/chromatic--3202359-nDw4NsmkQkp2/[22m[2massets/[22m[36mstories-af7324f4.js                     [39m[1m[2m  1.81 kB[22m[1m[22m[2m │ gzip:   0.73 kB[22m
[2m../../../../../tmp/chromatic--3202359-nDw4NsmkQkp2/[22m[2massets/[22m[36mstories-50f8a2bc.js                     [39m[1m[2m  1.81 kB[22m[1m[22m[2m │ gzip:   0.84 kB[22m
[2m../../../../../tmp/chromatic--3202359-nDw4NsmkQkp2/[22m[2massets/[22m[36mforms-933c1950.js                       [39m[1m[2m  1.90 kB[22m[1m[22m[2m │ gzip:   0.76 kB[22m
[2m../../../../../tmp/chromatic--3202359-nDw4NsmkQkp2/[22m[2massets/[22m[36mDocumentation-71e1da66.js               [39m[1m[2m  2.02 kB[22m[1m[22m[2m │ gzip:   0.83 kB[22m
[2m../../../../../tmp/chromatic--3202359-nDw4NsmkQkp2/[22m[2massets/[22m[36mDocumentation-f3581590.js               [39m[1m[2m  2.19 kB[22m[1m[22m[2m │ gzip:   0.87 kB[22m
[2m../../../../../tmp/chromatic--3202359-nDw4NsmkQkp2/[22m[2massets/[22m[36mstories-59ccce74.js                     [39m[1m[2m  2.19 kB[22m[1m[22m[2m │ gzip:   0.99 kB[22m
[2m../../../../../tmp/chromatic--3202359-nDw4NsmkQkp2/[22m[2massets/[22m[36mDocmentation-06e1e811.js                [39m[1m[2m  2.20 kB[22m[1m[22m[2m │ gzip:   0.88 kB[22m
[2m../../../../../tmp/chromatic--3202359-nDw4NsmkQkp2/[22m[2massets/[22m[36mDocumentation-0c3d9957.js               [39m[1m[2m  2.25 kB[22m[1m[22m[2m │ gzip:   0.93 kB[22m
[2m../../../../../tmp/chromatic--3202359-nDw4NsmkQkp2/[22m[2massets/[22m[36mkemet-avatar-ab69a132.js                [39m[1m[2m  2.29 kB[22m[1m[22m[2m │ gzip:   0.86 kB[22m
[2m../../../../../tmp/chromatic--3202359-nDw4NsmkQkp2/[22m[2massets/[22m[36mDocumentation-561c9c94.js               [39m[1m[2m  2.30 kB[22m[1m[22m[2m │ gzip:   0.93 kB[22m
[2m../../../../../tmp/chromatic--3202359-nDw4NsmkQkp2/[22m[2massets/[22m[36mDocumentation-6f036be3.js               [39m[1m[2m  2.30 kB[22m[1m[22m[2m │ gzip:   0.94 kB[22m
[2m../../../../../tmp/chromatic--3202359-nDw4NsmkQkp2/[22m[2massets/[22m[36mDocumentation-fb1b69ba.js               [39m[1m[2m  2.31 kB[22m[1m[22m[2m │ gzip:   0.90 kB[22m
[2m../../../../../tmp/chromatic--3202359-nDw4NsmkQkp2/[22m[2massets/[22m[36mstories-a97a4b17.js                     [39m[1m[2m  2.32 kB[22m[1m[22m[2m │ gzip:   0.47 kB[22m
[2m../../../../../tmp/chromatic--3202359-nDw4NsmkQkp2/[22m[2massets/[22m[36mDocumentation-d5294b55.js               [39m[1m[2m  2.34 kB[22m[1m[22m[2m │ gzip:   0.98 kB[22m
[2m../../../../../tmp/chromatic--3202359-nDw4NsmkQkp2/[22m[2massets/[22m[36mDocumentation-2d0e9a95.js               [39m[1m[2m  2.36 kB[22m[1m[22m[2m │ gzip:   0.94 kB[22m
[2m../../../../../tmp/chromatic--3202359-nDw4NsmkQkp2/[22m[2massets/[22m[36mDocumentation-f4765de4.js               [39m[1m[2m  2.37 kB[22m[1m[22m[2m │ gzip:   0.89 kB[22m
[2m../../../../../tmp/chromatic--3202359-nDw4NsmkQkp2/[22m[2massets/[22m[36mDocumentation-5ec3854e.js               [39m[1m[2m  2.37 kB[22m[1m[22m[2m │ gzip:   0.96 kB[22m
[2m../../../../../tmp/chromatic--3202359-nDw4NsmkQkp2/[22m[2massets/[22m[36mDocumentation-8a0112f4.js               [39m[1m[2m  2.45 kB[22m[1m[22m[2m │ gzip:   0.97 kB[22m
[2m../../../../../tmp/chromatic--3202359-nDw4NsmkQkp2/[22m[2massets/[22m[36mstories-0fd9024d.js                     [39m[1m[2m  2.46 kB[22m[1m[22m[2m │ gzip:   0.42 kB[22m
[2m../../../../../tmp/chromatic--3202359-nDw4NsmkQkp2/[22m[2massets/[22m[36mDocumentation-79497244.js               [39m[1m[2m  2.47 kB[22m[1m[22m[2m │ gzip:   1.00 kB[22m
[2m../../../../../tmp/chromatic--3202359-nDw4NsmkQkp2/[22m[2massets/[22m[36mDocumentation-00d08ec1.js               [39m[1m[2m  2.50 kB[22m[1m[22m[2m │ gzip:   1.00 kB[22m
[2m../../../../../tmp/chromatic--3202359-nDw4NsmkQkp2/[22m[2massets/[22m[36mDocumentation-a466ef5f.js               [39m[1m[2m  2.51 kB[22m[1m[22m[2m │ gzip:   1.00 kB[22m
[2m../../../../../tmp/chromatic--3202359-nDw4NsmkQkp2/[22m[2massets/[22m[36mDocumentation-b1a88bcb.js               [39m[1m[2m  2.53 kB[22m[1m[22m[2m │ gzip:   1.02 kB[22m
[2m../../../../../tmp/chromatic--3202359-nDw4NsmkQkp2/[22m[2massets/[22m[36mDocumentation-9c6c778f.js               [39m[1m[2m  2.57 kB[22m[1m[22m[2m │ gzip:   1.04 kB[22m
[2m../../../../../tmp/chromatic--3202359-nDw4NsmkQkp2/[22m[2massets/[22m[36mDocumentation-221be2ec.js               [39m[1m[2m  2.58 kB[22m[1m[22m[2m │ gzip:   0.89 kB[22m
[2m../../../../../tmp/chromatic--3202359-nDw4NsmkQkp2/[22m[2massets/[22m[36mstories-d748188f.js                     [39m[1m[2m  2.58 kB[22m[1m[22m[2m │ gzip:   1.13 kB[22m
[2m../../../../../tmp/chromatic--3202359-nDw4NsmkQkp2/[22m[2massets/[22m[36mindex-11d98b33.js                       [39m[1m[2m  2.59 kB[22m[1m[22m[2m │ gzip:   1.26 kB[22m
[2m../../../../../tmp/chromatic--3202359-nDw4NsmkQkp2/[22m[2massets/[22m[36mDocumentation-ec83a54d.js               [39m[1m[2m  2.60 kB[22m[1m[22m[2m │ gzip:   1.03 kB[22m
[2m../../../../../tmp/chromatic--3202359-nDw4NsmkQkp2/[22m[2massets/[22m[36mDocumentation-1110641b.js               [39m[1m[2m  2.62 kB[22m[1m[22m[2m │ gzip:   0.94 kB[22m
[2m../../../../../tmp/chromatic--3202359-nDw4NsmkQkp2/[22m[2massets/[22m[36mDocumentation-56d6a708.js               [39m[1m[2m  2.63 kB[22m[1m[22m[2m │ gzip:   0.94 kB[22m
[2m../../../../../tmp/chromatic--3202359-nDw4NsmkQkp2/[22m[2massets/[22m[36mDocumentation-aa75d823.js               [39m[1m[2m  2.64 kB[22m[1m[22m[2m │ gzip:   1.02 kB[22m
[2m../../../../../tmp/chromatic--3202359-nDw4NsmkQkp2/[22m[2massets/[22m[36mstories-65b33891.js                     [39m[1m[2m  2.66 kB[22m[1m[22m[2m │ gzip:   1.32 kB[22m
[2m../../../../../tmp/chromatic--3202359-nDw4NsmkQkp2/[22m[2massets/[22m[36mDocumentation-23a39f15.js               [39m[1m[2m  2.75 kB[22m[1m[22m[2m │ gzip:   1.06 kB[22m
[2m../../../../../tmp/chromatic--3202359-nDw4NsmkQkp2/[22m[2massets/[22m[36mDocumentation-fbfd75c3.js               [39m[1m[2m  2.75 kB[22m[1m[22m[2m │ gzip:   1.00 kB[22m
[2m../../../../../tmp/chromatic--3202359-nDw4NsmkQkp2/[22m[2massets/[22m[36mDocumentation-20cffa33.js               [39m[1m[2m  2.91 kB[22m[1m[22m[2m │ gzip:   1.10 kB[22m
[2m../../../../../tmp/chromatic--3202359-nDw4NsmkQkp2/[22m[2massets/[22m[36mDocumentation-dbd24aef.js               [39m[1m[2m  2.92 kB[22m[1m[22m[2m │ gzip:   1.10 kB[22m
[2m../../../../../tmp/chromatic--3202359-nDw4NsmkQkp2/[22m[2massets/[22m[36mstories-ed90daf4.js                     [39m[1m[2m  2.95 kB[22m[1m[22m[2m │ gzip:   1.20 kB[22m
[2m../../../../../tmp/chromatic--3202359-nDw4NsmkQkp2/[22m[2massets/[22m[36mDocumentation-e8e1795f.js               [39m[1m[2m  2.97 kB[22m[1m[22m[2m │ gzip:   1.15 kB[22m
[2m../../../../../tmp/chromatic--3202359-nDw4NsmkQkp2/[22m[2massets/[22m[36mDocumentation-df7cdd9f.js               [39m[1m[2m  3.02 kB[22m[1m[22m[2m │ gzip:   0.98 kB[22m
[2m../../../../../tmp/chromatic--3202359-nDw4NsmkQkp2/[22m[2massets/[22m[36mentry-preview-docs-0c1bedf8.js          [39m[1m[2m  3.11 kB[22m[1m[22m[2m │ gzip:   1.53 kB[22m
[2m../../../../../tmp/chromatic--3202359-nDw4NsmkQkp2/[22m[2massets/[22m[36mpreview-30b54f76.js                     [39m[1m[2m  3.21 kB[22m[1m[22m[2m │ gzip:   1.37 kB[22m
[2m../../../../../tmp/chromatic--3202359-nDw4NsmkQkp2/[22m[2massets/[22m[36mDocumentation-6f4e071a.js               [39m[1m[2m  3.29 kB[22m[1m[22m[2m │ gzip:   1.24 kB[22m
[2m../../../../../tmp/chromatic--3202359-nDw4NsmkQkp2/[22m[2massets/[22m[36mDocumentation-f6b12858.js               [39m[1m[2m  3.29 kB[22m[1m[22m[2m │ gzip:   1.13 kB[22m
[2m../../../../../tmp/chromatic--3202359-nDw4NsmkQkp2/[22m[2massets/[22m[36mDocumentation-4b80e5ca.js               [39m[1m[2m  3.32 kB[22m[1m[22m[2m │ gzip:   1.17 kB[22m
[2m../../../../../tmp/chromatic--3202359-nDw4NsmkQkp2/[22m[2massets/[22m[36mDocumentation-ae5c3627.js               [39m[1m[2m  3.40 kB[22m[1m[22m[2m │ gzip:   1.26 kB[22m
[2m../../../../../tmp/chromatic--3202359-nDw4NsmkQkp2/[22m[2massets/[22m[36mkemet-icon-980bc769.js                  [39m[1m[2m  3.48 kB[22m[1m[22m[2m │ gzip:   1.66 kB[22m
[2m../../../../../tmp/chromatic--3202359-nDw4NsmkQkp2/[22m[2massets/[22m[36mkemet-field-7103004b.js                 [39m[1m[2m  3.61 kB[22m[1m[22m[2m │ gzip:   1.25 kB[22m
[2m../../../../../tmp/chromatic--3202359-nDw4NsmkQkp2/[22m[2massets/[22m[36mstories-c6e573c9.js                     [39m[1m[2m  3.66 kB[22m[1m[22m[2m │ gzip:   0.62 kB[22m
[2m../../../../../tmp/chromatic--3202359-nDw4NsmkQkp2/[22m[2massets/[22m[36mDocumentation-182a4c8d.js               [39m[1m[2m  3.73 kB[22m[1m[22m[2m │ gzip:   1.18 kB[22m
[2m../../../../../tmp/chromatic--3202359-nDw4NsmkQkp2/[22m[2massets/[22m[36mDocumentation-7139de73.js               [39m[1m[2m  3.87 kB[22m[1m[22m[2m │ gzip:   1.38 kB[22m
[2m../../../../../tmp/chromatic--3202359-nDw4NsmkQkp2/[22m[2massets/[22m[36mstories-c61281ab.js                     [39m[1m[2m  4.14 kB[22m[1m[22m[2m │ gzip:   1.70 kB[22m
[2m../../../../../tmp/chromatic--3202359-nDw4NsmkQkp2/[22m[2massets/[22m[36muniq-8956f76d.js                        [39m[1m[2m  4.49 kB[22m[1m[22m[2m │ gzip:   2.16 kB[22m
[2m../../../../../tmp/chromatic--3202359-nDw4NsmkQkp2/[22m[2massets/[22m[36mkemet-toggle-f00e9645.js                [39m[1m[2m  4.59 kB[22m[1m[22m[2m │ gzip:   1.40 kB[22m
[2m../../../../../tmp/chromatic--3202359-nDw4NsmkQkp2/[22m[2massets/[22m[36mstories-7a656016.js                     [39m[1m[2m  4.75 kB[22m[1m[22m[2m │ gzip:   1.82 kB[22m
[2m../../../../../tmp/chromatic--3202359-nDw4NsmkQkp2/[22m[2massets/[22m[36mkemet-button-488c7448.js                [39m[1m[2m  4.82 kB[22m[1m[22m[2m │ gzip:   1.43 kB[22m
[2m../../../../../tmp/chromatic--3202359-nDw4NsmkQkp2/[22m[2massets/[22m[36mstories-ecc2646e.js                     [39m[1m[2m  4.99 kB[22m[1m[22m[2m │ gzip:   1.98 kB[22m
[2m../../../../../tmp/chromatic--3202359-nDw4NsmkQkp2/[22m[2massets/[22m[36mstories-56a7f484.js                     [39m[1m[2m  5.15 kB[22m[1m[22m[2m │ gzip:   1.50 kB[22m
[2m../../../../../tmp/chromatic--3202359-nDw4NsmkQkp2/[22m[2massets/[22m[36mpreview-d01b88e8.js                     [39m[1m[2m  5.23 kB[22m[1m[22m[2m │ gzip:   2.39 kB[22m
[2m../../../../../tmp/chromatic--3202359-nDw4NsmkQkp2/[22m[2massets/[22m[36mstories-fa6f6839.js                     [39m[1m[2m  5.35 kB[22m[1m[22m[2m │ gzip:   1.96 kB[22m
[2m../../../../../tmp/chromatic--3202359-nDw4NsmkQkp2/[22m[2massets/[22m[36mDocumentation-27bda7b8.js               [39m[1m[2m  5.49 kB[22m[1m[22m[2m │ gzip:   1.35 kB[22m
[2m../../../../../tmp/chromatic--3202359-nDw4NsmkQkp2/[22m[2massets/[22m[36mDocumentation-9af02b53.js               [39m[1m[2m  5.64 kB[22m[1m[22m[2m │ gzip:   1.73 kB[22m
[2m../../../../../tmp/chromatic--3202359-nDw4NsmkQkp2/[22m[2massets/[22m[36mstories-8ad9f70b.js                     [39m[1m[2m  5.72 kB[22m[1m[22m[2m │ gzip:   1.81 kB[22m
[2m../../../../../tmp/chromatic--3202359-nDw4NsmkQkp2/[22m[2massets/[22m[36mstories-cfdece47.js                     [39m[1m[2m  6.19 kB[22m[1m[22m[2m │ gzip:   2.00 kB[22m
[2m../../../../../tmp/chromatic--3202359-nDw4NsmkQkp2/[22m[2massets/[22m[36mstories-919edb62.js                     [39m[1m[2m  6.39 kB[22m[1m[22m[2m │ gzip:   1.94 kB[22m
[2m../../../../../tmp/chromatic--3202359-nDw4NsmkQkp2/[22m[2massets/[22m[36mintro.stories-f42d24d2.js               [39m[1m[2m  6.46 kB[22m[1m[22m[2m │ gzip:   2.62 kB[22m
[2m../../../../../tmp/chromatic--3202359-nDw4NsmkQkp2/[22m[2massets/[22m[36mkemet-option-adb2c33c.js                [39m[1m[2m  6.48 kB[22m[1m[22m[2m │ gzip:   1.72 kB[22m
[2m../../../../../tmp/chromatic--3202359-nDw4NsmkQkp2/[22m[2massets/[22m[36mkemet-textarea-25581954.js              [39m[1m[2m  6.59 kB[22m[1m[22m[2m │ gzip:   1.67 kB[22m
[2m../../../../../tmp/chromatic--3202359-nDw4NsmkQkp2/[22m[2massets/[22m[36mkemet-radios-74b15982.js                [39m[1m[2m  6.60 kB[22m[1m[22m[2m │ gzip:   2.05 kB[22m
[2m../../../../../tmp/chromatic--3202359-nDw4NsmkQkp2/[22m[2massets/[22m[36mDocumentation-606ae3a3.js               [39m[1m[2m  7.08 kB[22m[1m[22m[2m │ gzip:   1.69 kB[22m
[2m../../../../../tmp/chromatic--3202359-nDw4NsmkQkp2/[22m[2massets/[22m[36mstories-c98b8f51.js                     [39m[1m[2m  7.61 kB[22m[1m[22m[2m │ gzip:   2.17 kB[22m
[2m../../../../../tmp/chromatic--3202359-nDw4NsmkQkp2/[22m[2massets/[22m[36mpreview-da31036b.js                     [39m[1m[2m  7.62 kB[22m[1m[22m[2m │ gzip:   1.56 kB[22m
[2m../../../../../tmp/chromatic--3202359-nDw4NsmkQkp2/[22m[2massets/[22m[36mstories-201e9571.js                     [39m[1m[2m  7.66 kB[22m[1m[22m[2m │ gzip:   2.16 kB[22m
[2m../../../../../tmp/chromatic--3202359-nDw4NsmkQkp2/[22m[2massets/[22m[36mstories-90e41e6e.js                     [39m[1m[2m  8.06 kB[22m[1m[22m[2m │ gzip:   2.74 kB[22m
[2m../../../../../tmp/chromatic--3202359-nDw4NsmkQkp2/[22m[2massets/[22m[36mpreview-ef92e786.js                     [39m[1m[2m  8.16 kB[22m[1m[22m[2m │ gzip:   3.10 kB[22m
[2m../../../../../tmp/chromatic--3202359-nDw4NsmkQkp2/[22m[2massets/[22m[36mstories-e9b14c7e.js                     [39m[1m[2m  8.95 kB[22m[1m[22m[2m │ gzip:   2.83 kB[22m
[2m../../../../../tmp/chromatic--3202359-nDw4NsmkQkp2/[22m[2massets/[22m[36mstories-c9400ec1.js                     [39m[1m[2m  9.10 kB[22m[1m[22m[2m │ gzip:   2.59 kB[22m
[2m../../../../../tmp/chromatic--3202359-nDw4NsmkQkp2/[22m[2massets/[22m[36mstories-f09c4ec7.js                     [39m[1m[2m  9.10 kB[22m[1m[22m[2m │ gzip:   2.13 kB[22m
[2m../../../../../tmp/chromatic--3202359-nDw4NsmkQkp2/[22m[2massets/[22m[36mkemet-input-853fda30.js                 [39m[1m[2m  9.81 kB[22m[1m[22m[2m │ gzip:   2.44 kB[22m
[2m../../../../../tmp/chromatic--3202359-nDw4NsmkQkp2/[22m[2massets/[22m[36m_getTag-7fd90005.js                     [39m[1m[2m 10.03 kB[22m[1m[22m[2m │ gzip:   4.10 kB[22m
[2m../../../../../tmp/chromatic--3202359-nDw4NsmkQkp2/[22m[2massets/[22m[36mindex-d38bc732.js                       [39m[1m[2m 10.48 kB[22m[1m[22m[2m │ gzip:   3.37 kB[22m
[2m../../../../../tmp/chromatic--3202359-nDw4NsmkQkp2/[22m[2massets/[22m[36mstories-9a7216fe.js                     [39m[1m[2m 11.47 kB[22m[1m[22m[2m │ gzip:   3.00 kB[22m
[2m../../../../../tmp/chromatic--3202359-nDw4NsmkQkp2/[22m[2massets/[22m[36mstories-bb1e02a6.js                     [39m[1m[2m 12.18 kB[22m[1m[22m[2m │ gzip:   2.81 kB[22m
[2m../../../../../tmp/chromatic--3202359-nDw4NsmkQkp2/[22m[2massets/[22m[36mstories-7c3caa2a.js                     [39m[1m[2m 12.26 kB[22m[1m[22m[2m │ gzip:   5.97 kB[22m
[2m../../../../../tmp/chromatic--3202359-nDw4NsmkQkp2/[22m[2massets/[22m[36mDocumentation-cc19e48b.js               [39m[1m[2m 12.32 kB[22m[1m[22m[2m │ gzip:   3.22 kB[22m
[2m../../../../../tmp/chromatic--3202359-nDw4NsmkQkp2/[22m[2massets/[22m[36mstories-8733d857.js                     [39m[1m[2m 12.53 kB[22m[1m[22m[2m │ gzip:   4.64 kB[22m
[2m../../../../../tmp/chromatic--3202359-nDw4NsmkQkp2/[22m[2massets/[22m[36mstories-7b0c544b.js                     [39m[1m[2m 13.33 kB[22m[1m[22m[2m │ gzip:   2.49 kB[22m
[2m../../../../../tmp/chromatic--3202359-nDw4NsmkQkp2/[22m[2massets/[22m[36mindex-03bbf7d1.js                       [39m[1m[2m 13.51 kB[22m[1m[22m[2m │ gzip:   5.05 kB[22m
[2m../../../../../tmp/chromatic--3202359-nDw4NsmkQkp2/[22m[2massets/[22m[36mstories-d50992bb.js                     [39m[1m[2m 14.70 kB[22m[1m[22m[2m │ gzip:   2.59 kB[22m
[2m../../../../../tmp/chromatic--3202359-nDw4NsmkQkp2/[22m[2massets/[22m[36mkemet-tab-panel-7910c40c.js             [39m[1m[2m 17.06 kB[22m[1m[22m[2m │ gzip:   4.12 kB[22m
[2m../../../../../tmp/chromatic--3202359-nDw4NsmkQkp2/[22m[2massets/[22m[36mColor-6VNJS4EI-bc16736c.js              [39m[1m[2m 17.54 kB[22m[1m[22m[2m │ gzip:   6.71 kB[22m
[2m../../../../../tmp/chromatic--3202359-nDw4NsmkQkp2/[22m[2massets/[22m[36mstories-2d3aa6c6.js                     [39m[1m[2m 19.27 kB[22m[1m[22m[2m │ gzip:   4.74 kB[22m
[2m../../../../../tmp/chromatic--3202359-nDw4NsmkQkp2/[22m[2massets/[22m[36mstories-a94c9eab.js                     [39m[1m[2m 21.95 kB[22m[1m[22m[2m │ gzip:   2.85 kB[22m
[2m../../../../../tmp/chromatic--3202359-nDw4NsmkQkp2/[22m[2massets/[22m[36mlit-element-c4258b2c.js                 [39m[1m[2m 23.38 kB[22m[1m[22m[2m │ gzip:   6.71 kB[22m
[2m../../../../../tmp/chromatic--3202359-nDw4NsmkQkp2/[22m[2massets/[22m[36mkemet-popper-f18be0c2.js                [39m[1m[2m 24.62 kB[22m[1m[22m[2m │ gzip:   9.03 kB[22m
[2m../../../../../tmp/chromatic--3202359-nDw4NsmkQkp2/[22m[2massets/[22m[36mindex-db4f454e.js                       [39m[1m[2m 54.07 kB[22m[1m[22m[2m │ gzip:  14.35 kB[22m
[2m../../../../../tmp/chromatic--3202359-nDw4NsmkQkp2/[22m[2massets/[22m[36mstories-2ab150a5.js                     [39m[1m[2m 56.55 kB[22m[1m[22m[2m │ gzip:  10.55 kB[22m
[2m../../../../../tmp/chromatic--3202359-nDw4NsmkQkp2/[22m[2massets/[22m[36miframe-73a997df.js                      [39m[1m[2m 60.05 kB[22m[1m[22m[2m │ gzip:   4.67 kB[22m
[2m../../../../../tmp/chromatic--3202359-nDw4NsmkQkp2/[22m[2massets/[22m[36mpreview-5812342e.js                     [39m[1m[2m 62.14 kB[22m[1m[22m[2m │ gzip:  21.50 kB[22m
[2m../../../../../tmp/chromatic--3202359-nDw4NsmkQkp2/[22m[2massets/[22m[36mpreview-0a566330.js                     [39m[1m[2m150.74 kB[22m[1m[22m[2m │ gzip:  20.70 kB[22m
[2m../../../../../tmp/chromatic--3202359-nDw4NsmkQkp2/[22m[2massets/[22m[36maxe-c259e37e.js                         [39m[1m[33m556.42 kB[39m[22m[2m │ gzip: 152.71 kB[22m
[2m../../../../../tmp/chromatic--3202359-nDw4NsmkQkp2/[22m[2massets/[22m[36mformatter-SWP5E3XI-cf88698d.js          [39m[1m[33m601.57 kB[39m[22m[2m │ gzip: 185.00 kB[22m
[2m../../../../../tmp/chromatic--3202359-nDw4NsmkQkp2/[22m[2massets/[22m[36mchunk-HLWAVYOI-c8a1ae0e.js              [39m[1m[33m687.76 kB[39m[22m[2m │ gzip: 222.89 kB[22m
[2m../../../../../tmp/chromatic--3202359-nDw4NsmkQkp2/[22m[2massets/[22m[36mindex-d1404667.js                       [39m[1m[33m805.85 kB[39m[22m[2m │ gzip: 217.21 kB[22m
[32m✓ built in 10.55s[39m
info => Preview built (11 s)
info => Output directory: /tmp/chromatic--3202359-nDw4NsmkQkp2
